<?xml version="1.0" encoding="UTF-8"?>
<!-- Generated by org.testng.reporters.JUnitReportReporter -->
<testsuite hostname="IN-B7KRXM3" failures="0" tests="2" name="Com.Sample.testcases.SearchTest" time="164.378" errors="0" timestamp="2022-10-07T10:02:10 IST" skipped="0">
  <testcase classname="Com.Sample.testcases.SearchTest" name="Search" time="84.394"/>
  <system-out/>
  <testcase classname="Com.Sample.testcases.SearchTest" name="AddToCart" time="79.984"/>
  <system-out/>
</testsuite> <!-- Com.Sample.testcases.SearchTest -->
