<?xml version="1.0" encoding="UTF-8"?>
<!-- Generated by org.testng.reporters.JUnitReportReporter -->
<testsuite hostname="IN-B7KRXM3" failures="0" tests="1" name="Com.Sample.testcases.FilterTest" time="64.554" errors="0" timestamp="2022-10-07T10:47:05 IST" skipped="0">
  <testcase classname="Com.Sample.testcases.FilterTest" name="Filter" time="64.554"/>
  <system-out/>
</testsuite> <!-- Com.Sample.testcases.FilterTest -->
