<?xml version="1.0" encoding="UTF-8"?>
<!-- Generated by org.testng.reporters.JUnitReportReporter -->
<testsuite hostname="IN-B7KRXM3" failures="0" tests="1" name="Com.Sample.testcases.SellerTest" time="60.333" errors="0" timestamp="2022-10-07T10:02:10 IST" skipped="0">
  <testcase classname="Com.Sample.testcases.SellerTest" name="SellerTest1" time="60.333"/>
  <system-out/>
</testsuite> <!-- Com.Sample.testcases.SellerTest -->
