<?xml version="1.0" encoding="UTF-8"?>
<!-- Generated by org.testng.reporters.JUnitReportReporter -->
<testsuite hostname="IN-B7KRXM3" failures="0" tests="2" name="Com.Sample.testcases.DeleteAddressTest" time="118.681" errors="0" timestamp="2022-10-07T10:02:10 IST" skipped="0">
  <testcase classname="Com.Sample.testcases.DeleteAddressTest" name="EditAddressTest" time="58.308"/>
  <system-out/>
  <testcase classname="Com.Sample.testcases.DeleteAddressTest" name="DeleteAddressTest1" time="60.373"/>
  <system-out/>
</testsuite> <!-- Com.Sample.testcases.DeleteAddressTest -->
