<?xml version="1.0" encoding="UTF-8"?>
<!-- Generated by org.testng.reporters.JUnitReportReporter -->
<testsuite hostname="IN-B7KRXM3" failures="0" tests="1" name="Com.Sample.testcases.LoginTest" time="41.393" errors="0" timestamp="2022-10-07T17:12:04 IST" skipped="1">
  <testcase classname="Com.Sample.testcases.LoginTest" name="correctemailtest" time="41.393">
    <skipped/>
  </testcase> <!-- correctemailtest -->
  <system-out/>
</testsuite> <!-- Com.Sample.testcases.LoginTest -->
