<?xml version="1.0" encoding="UTF-8"?>
<!-- Generated by org.testng.reporters.JUnitReportReporter -->
<testsuite hostname="IN-B7KRXM3" failures="0" tests="2" name="Com.Sample.testcases.FavoritesTest" time="148.588" errors="0" timestamp="2022-10-07T10:02:10 IST" skipped="0">
  <testcase classname="Com.Sample.testcases.FavoritesTest" name="AddToWishlist" time="79.315"/>
  <system-out/>
  <testcase classname="Com.Sample.testcases.FavoritesTest" name="DeleteFromWishlist" time="69.273"/>
  <system-out/>
</testsuite> <!-- Com.Sample.testcases.FavoritesTest -->
