<?xml version="1.0" encoding="UTF-8"?>
<!-- Generated by org.testng.reporters.JUnitReportReporter -->
<testsuite hostname="IN-B7KRXM3" failures="0" tests="2" name="Com.Sample.testcases.OrdersTest" time="119.085" errors="0" timestamp="2022-10-07T10:02:10 IST" skipped="0">
  <testcase classname="Com.Sample.testcases.OrdersTest" name="OrderTest" time="26.520"/>
  <system-out/>
  <testcase classname="Com.Sample.testcases.OrdersTest" name="FilterOrderTest" time="92.565"/>
  <system-out/>
</testsuite> <!-- Com.Sample.testcases.OrdersTest -->
