<?xml version="1.0" encoding="UTF-8"?>
<!-- Generated by org.testng.reporters.JUnitReportReporter -->
<testsuite hostname="IN-B7KRXM3" failures="0" tests="2" name="Com.Sample.testcases.WishlistTest" time="151.728" errors="0" timestamp="2022-10-07T10:02:10 IST" skipped="0">
  <testcase classname="Com.Sample.testcases.WishlistTest" name="Wishlist" time="69.180"/>
  <system-out/>
  <testcase classname="Com.Sample.testcases.WishlistTest" name="DeleteWishlist" time="82.548"/>
  <system-out/>
</testsuite> <!-- Com.Sample.testcases.WishlistTest -->
